<?xml version="1.0" encoding="UTF-8"?>
<testng-results ignored="0" total="57" passed="57" failed="0" skipped="0">
  <reporter-output>
  </reporter-output>
  <suite started-at="2024-02-15T19:00:44 IST" name="Suite" finished-at="2024-02-15T19:03:24 IST" duration-ms="159886">
    <groups>
      <group name="Master">
        <method signature="CarLoanEMI.clickOnCarLoanLink()[pri:1, instance:TestCases.LoanTenureCalculatorUICheck@26794848]" name="clickOnCarLoanLink" class="TestCases.CarLoanEMI"/>
        <method signature="CarLoanEMI.setCarAmount(java.lang.String,java.lang.String,java.lang.String)[pri:2, instance:TestCases.LoanTenureCalculatorUICheck@26794848]" name="setCarAmount" class="TestCases.CarLoanEMI"/>
        <method signature="CarLoanEMI.setInterestRate(java.lang.String,java.lang.String,java.lang.String)[pri:3, instance:TestCases.LoanTenureCalculatorUICheck@26794848]" name="setInterestRate" class="TestCases.CarLoanEMI"/>
        <method signature="CarLoanEMI.setLoanTenure(java.lang.String,java.lang.String,java.lang.String)[pri:4, instance:TestCases.LoanTenureCalculatorUICheck@26794848]" name="setLoanTenure" class="TestCases.CarLoanEMI"/>
        <method signature="CarLoanEMI.clickOnyear()[pri:5, instance:TestCases.LoanTenureCalculatorUICheck@26794848]" name="clickOnyear" class="TestCases.CarLoanEMI"/>
        <method signature="CarLoanEMI.readData()[pri:6, instance:TestCases.LoanTenureCalculatorUICheck@26794848]" name="readData" class="TestCases.CarLoanEMI"/>
        <method signature="HomeLoanEMI.calculatorsDropDownValidation()[pri:7, instance:TestCases.LoanTenureCalculatorUICheck@26794848]" name="calculatorsDropDownValidation" class="TestCases.HomeLoanEMI"/>
        <method signature="HomeLoanEMI.homeLoanEmiCalculatorValidation()[pri:8, instance:TestCases.LoanTenureCalculatorUICheck@26794848]" name="homeLoanEmiCalculatorValidation" class="TestCases.HomeLoanEMI"/>
        <method signature="HomeLoanEMI.validateHomeValueInputfield(java.lang.String,java.lang.String,java.lang.String,java.lang.String,java.lang.String,java.lang.String,java.lang.String,java.lang.String,java.lang.String,java.lang.String,java.lang.String)[pri:9, instance:TestCases.LoanTenureCalculatorUICheck@26794848]" name="validateHomeValueInputfield" class="TestCases.HomeLoanEMI"/>
        <method signature="HomeLoanEMI.validateDownPaymentInputFieldInPercentage(java.lang.String,java.lang.String,java.lang.String,java.lang.String,java.lang.String,java.lang.String,java.lang.String,java.lang.String,java.lang.String,java.lang.String,java.lang.String)[pri:10, instance:TestCases.LoanTenureCalculatorUICheck@26794848]" name="validateDownPaymentInputFieldInPercentage" class="TestCases.HomeLoanEMI"/>
        <method signature="HomeLoanEMI.validateDownPaymentRupeesButton()[pri:11, instance:TestCases.LoanTenureCalculatorUICheck@26794848]" name="validateDownPaymentRupeesButton" class="TestCases.HomeLoanEMI"/>
        <method signature="HomeLoanEMI.validateLoanInsuranceInputField(java.lang.String,java.lang.String,java.lang.String,java.lang.String,java.lang.String,java.lang.String,java.lang.String,java.lang.String,java.lang.String,java.lang.String,java.lang.String)[pri:12, instance:TestCases.LoanTenureCalculatorUICheck@26794848]" name="validateLoanInsuranceInputField" class="TestCases.HomeLoanEMI"/>
        <method signature="HomeLoanEMI.validateInterestRateInputField(java.lang.String,java.lang.String,java.lang.String,java.lang.String,java.lang.String,java.lang.String,java.lang.String,java.lang.String,java.lang.String,java.lang.String,java.lang.String)[pri:13, instance:TestCases.LoanTenureCalculatorUICheck@26794848]" name="validateInterestRateInputField" class="TestCases.HomeLoanEMI"/>
        <method signature="HomeLoanEMI.validateLoanTenureInputField(java.lang.String,java.lang.String,java.lang.String,java.lang.String,java.lang.String,java.lang.String,java.lang.String,java.lang.String,java.lang.String,java.lang.String,java.lang.String)[pri:14, instance:TestCases.LoanTenureCalculatorUICheck@26794848]" name="validateLoanTenureInputField" class="TestCases.HomeLoanEMI"/>
        <method signature="HomeLoanEMI.validateLoanTenureMonthsButton()[pri:15, instance:TestCases.LoanTenureCalculatorUICheck@26794848]" name="validateLoanTenureMonthsButton" class="TestCases.HomeLoanEMI"/>
        <method signature="HomeLoanEMI.validateLoanChargesInputField(java.lang.String,java.lang.String,java.lang.String,java.lang.String,java.lang.String,java.lang.String,java.lang.String,java.lang.String,java.lang.String,java.lang.String,java.lang.String)[pri:16, instance:TestCases.LoanTenureCalculatorUICheck@26794848]" name="validateLoanChargesInputField" class="TestCases.HomeLoanEMI"/>
        <method signature="HomeLoanEMI.validateLoanChargesRupeesButtonElement()[pri:17, instance:TestCases.LoanTenureCalculatorUICheck@26794848]" name="validateLoanChargesRupeesButtonElement" class="TestCases.HomeLoanEMI"/>
        <method signature="HomeLoanEMI.validateLoanStartMonthAndYearField()[pri:18, instance:TestCases.LoanTenureCalculatorUICheck@26794848]" name="validateLoanStartMonthAndYearField" class="TestCases.HomeLoanEMI"/>
        <method signature="HomeLoanEMI.validateLoanStartMonthAndYearInputField(java.lang.String,java.lang.String,java.lang.String,java.lang.String,java.lang.String,java.lang.String,java.lang.String,java.lang.String,java.lang.String,java.lang.String,java.lang.String)[pri:19, instance:TestCases.LoanTenureCalculatorUICheck@26794848]" name="validateLoanStartMonthAndYearInputField" class="TestCases.HomeLoanEMI"/>
        <method signature="HomeLoanEMI.validateOneTimeExpensesInputField(java.lang.String,java.lang.String,java.lang.String,java.lang.String,java.lang.String,java.lang.String,java.lang.String,java.lang.String,java.lang.String,java.lang.String,java.lang.String)[pri:20, instance:TestCases.LoanTenureCalculatorUICheck@26794848]" name="validateOneTimeExpensesInputField" class="TestCases.HomeLoanEMI"/>
        <method signature="HomeLoanEMI.validateOneTimeExpensesRupeesButton()[pri:21, instance:TestCases.LoanTenureCalculatorUICheck@26794848]" name="validateOneTimeExpensesRupeesButton" class="TestCases.HomeLoanEMI"/>
        <method signature="HomeLoanEMI.validatePropertyTaxesPerYearInputField(java.lang.String,java.lang.String,java.lang.String,java.lang.String,java.lang.String,java.lang.String,java.lang.String,java.lang.String,java.lang.String,java.lang.String,java.lang.String)[pri:22, instance:TestCases.LoanTenureCalculatorUICheck@26794848]" name="validatePropertyTaxesPerYearInputField" class="TestCases.HomeLoanEMI"/>
        <method signature="HomeLoanEMI.validatePropertyTaxesPerYearRupeesButton()[pri:23, instance:TestCases.LoanTenureCalculatorUICheck@26794848]" name="validatePropertyTaxesPerYearRupeesButton" class="TestCases.HomeLoanEMI"/>
        <method signature="HomeLoanEMI.validateHomeInsurancePerYearInputField(java.lang.String,java.lang.String,java.lang.String,java.lang.String,java.lang.String,java.lang.String,java.lang.String,java.lang.String,java.lang.String,java.lang.String,java.lang.String)[pri:24, instance:TestCases.LoanTenureCalculatorUICheck@26794848]" name="validateHomeInsurancePerYearInputField" class="TestCases.HomeLoanEMI"/>
        <method signature="HomeLoanEMI.validateHomeInsurancePerYearRupeesButton()[pri:25, instance:TestCases.LoanTenureCalculatorUICheck@26794848]" name="validateHomeInsurancePerYearRupeesButton" class="TestCases.HomeLoanEMI"/>
        <method signature="HomeLoanEMI.validateMaintenanceExpensesPerMonthInputField(java.lang.String,java.lang.String,java.lang.String,java.lang.String,java.lang.String,java.lang.String,java.lang.String,java.lang.String,java.lang.String,java.lang.String,java.lang.String)[pri:26, instance:TestCases.LoanTenureCalculatorUICheck@26794848]" name="validateMaintenanceExpensesPerMonthInputField" class="TestCases.HomeLoanEMI"/>
        <method signature="HomeLoanEMI.printAllTheData()[pri:27, instance:TestCases.LoanTenureCalculatorUICheck@26794848]" name="printAllTheData" class="TestCases.HomeLoanEMI"/>
        <method signature="EMICalculator.calculatorsDropDownValidationFromHomeLoan()[pri:28, instance:TestCases.LoanTenureCalculatorUICheck@26794848]" name="calculatorsDropDownValidationFromHomeLoan" class="TestCases.EMICalculator"/>
        <method signature="EMICalculator.emiCalculatorPageValidation()[pri:29, instance:TestCases.LoanTenureCalculatorUICheck@26794848]" name="emiCalculatorPageValidation" class="TestCases.EMICalculator"/>
        <method signature="CalculateEmiUICheck.validateEmiCalculatorLink()[pri:30, instance:TestCases.LoanTenureCalculatorUICheck@26794848]" name="validateEmiCalculatorLink" class="TestCases.CalculateEmiUICheck"/>
        <method signature="CalculateEmiUICheck.verifyEmiCalculatorLoanAmountInputFieldPresence()[pri:31, instance:TestCases.LoanTenureCalculatorUICheck@26794848]" name="verifyEmiCalculatorLoanAmountInputFieldPresence" class="TestCases.CalculateEmiUICheck"/>
        <method signature="CalculateEmiUICheck.validateEmiCalculatorLoanAmountInputFieldByPassingValue(java.lang.String,java.lang.String,java.lang.String,java.lang.String)[pri:32, instance:TestCases.LoanTenureCalculatorUICheck@26794848]" name="validateEmiCalculatorLoanAmountInputFieldByPassingValue" class="TestCases.CalculateEmiUICheck"/>
        <method signature="CalculateEmiUICheck.verifyEmiCalculatorInterestRateInputFieldPresence()[pri:33, instance:TestCases.LoanTenureCalculatorUICheck@26794848]" name="verifyEmiCalculatorInterestRateInputFieldPresence" class="TestCases.CalculateEmiUICheck"/>
        <method signature="CalculateEmiUICheck.validateEmiCalculatorInterestRateInputFieldByPassingValue(java.lang.String,java.lang.String,java.lang.String,java.lang.String)[pri:34, instance:TestCases.LoanTenureCalculatorUICheck@26794848]" name="validateEmiCalculatorInterestRateInputFieldByPassingValue" class="TestCases.CalculateEmiUICheck"/>
        <method signature="CalculateEmiUICheck.verifyEmiCalculatorLoanTenureInputFieldPresence()[pri:35, instance:TestCases.LoanTenureCalculatorUICheck@26794848]" name="verifyEmiCalculatorLoanTenureInputFieldPresence" class="TestCases.CalculateEmiUICheck"/>
        <method signature="CalculateEmiUICheck.validateEmiCalculatorLoanTenureInputFieldByPassingValue(java.lang.String,java.lang.String,java.lang.String,java.lang.String)[pri:36, instance:TestCases.LoanTenureCalculatorUICheck@26794848]" name="validateEmiCalculatorLoanTenureInputFieldByPassingValue" class="TestCases.CalculateEmiUICheck"/>
        <method signature="CalculateEmiUICheck.validateEmiCalculatorLoanTenureMonthButton()[pri:37, instance:TestCases.LoanTenureCalculatorUICheck@26794848]" name="validateEmiCalculatorLoanTenureMonthButton" class="TestCases.CalculateEmiUICheck"/>
        <method signature="CalculateEmiUICheck.verifyEmiCalculatorLoanChargesInputFieldPresence()[pri:38, instance:TestCases.LoanTenureCalculatorUICheck@26794848]" name="verifyEmiCalculatorLoanChargesInputFieldPresence" class="TestCases.CalculateEmiUICheck"/>
        <method signature="CalculateEmiUICheck.validateEmiCalculatorLoanChargesInputFieldByPassingValue(java.lang.String,java.lang.String,java.lang.String,java.lang.String)[pri:39, instance:TestCases.LoanTenureCalculatorUICheck@26794848]" name="validateEmiCalculatorLoanChargesInputFieldByPassingValue" class="TestCases.CalculateEmiUICheck"/>
        <method signature="LoanAmountCalculatorUICheck.validateLoanAmountCalculatorLink()[pri:40, instance:TestCases.LoanTenureCalculatorUICheck@26794848]" name="validateLoanAmountCalculatorLink" class="TestCases.LoanAmountCalculatorUICheck"/>
        <method signature="LoanAmountCalculatorUICheck.verifyEmiInputFieldPresence()[pri:41, instance:TestCases.LoanTenureCalculatorUICheck@26794848]" name="verifyEmiInputFieldPresence" class="TestCases.LoanAmountCalculatorUICheck"/>
        <method signature="LoanAmountCalculatorUICheck.verifyEmiInputFieldByPassingValue(java.lang.String,java.lang.String,java.lang.String,java.lang.String)[pri:42, instance:TestCases.LoanTenureCalculatorUICheck@26794848]" name="verifyEmiInputFieldByPassingValue" class="TestCases.LoanAmountCalculatorUICheck"/>
        <method signature="LoanAmountCalculatorUICheck.verifyLoanAmountInterestRateInputFieldPresence()[pri:43, instance:TestCases.LoanTenureCalculatorUICheck@26794848]" name="verifyLoanAmountInterestRateInputFieldPresence" class="TestCases.LoanAmountCalculatorUICheck"/>
        <method signature="LoanAmountCalculatorUICheck.validateLoanAmountInterestRateInputFieldByPassingValue(java.lang.String,java.lang.String,java.lang.String,java.lang.String)[pri:44, instance:TestCases.LoanTenureCalculatorUICheck@26794848]" name="validateLoanAmountInterestRateInputFieldByPassingValue" class="TestCases.LoanAmountCalculatorUICheck"/>
        <method signature="LoanAmountCalculatorUICheck.verifyLoanAmountTenureInputFieldPresence()[pri:45, instance:TestCases.LoanTenureCalculatorUICheck@26794848]" name="verifyLoanAmountTenureInputFieldPresence" class="TestCases.LoanAmountCalculatorUICheck"/>
        <method signature="LoanAmountCalculatorUICheck.validateLoanAmountTenureInputFieldByPassingValue(java.lang.String,java.lang.String,java.lang.String,java.lang.String)[pri:46, instance:TestCases.LoanTenureCalculatorUICheck@26794848]" name="validateLoanAmountTenureInputFieldByPassingValue" class="TestCases.LoanAmountCalculatorUICheck"/>
        <method signature="LoanAmountCalculatorUICheck.validateLoanAmountLoanTenureMonthButton()[pri:47, instance:TestCases.LoanTenureCalculatorUICheck@26794848]" name="validateLoanAmountLoanTenureMonthButton" class="TestCases.LoanAmountCalculatorUICheck"/>
        <method signature="LoanAmountCalculatorUICheck.verifyLoanAmountLoanChargesInputFieldPresence()[pri:48, instance:TestCases.LoanTenureCalculatorUICheck@26794848]" name="verifyLoanAmountLoanChargesInputFieldPresence" class="TestCases.LoanAmountCalculatorUICheck"/>
        <method signature="LoanAmountCalculatorUICheck.validateLoanAmountLoanChargesInputFieldByPassingValue(java.lang.String,java.lang.String,java.lang.String,java.lang.String)[pri:49, instance:TestCases.LoanTenureCalculatorUICheck@26794848]" name="validateLoanAmountLoanChargesInputFieldByPassingValue" class="TestCases.LoanAmountCalculatorUICheck"/>
        <method signature="LoanTenureCalculatorUICheck.validateLoanTenureCalculatorLink()[pri:50, instance:TestCases.LoanTenureCalculatorUICheck@26794848]" name="validateLoanTenureCalculatorLink" class="TestCases.LoanTenureCalculatorUICheck"/>
        <method signature="LoanTenureCalculatorUICheck.verifyLoanTenureLoanAmountInputFieldPresence()[pri:51, instance:TestCases.LoanTenureCalculatorUICheck@26794848]" name="verifyLoanTenureLoanAmountInputFieldPresence" class="TestCases.LoanTenureCalculatorUICheck"/>
        <method signature="LoanTenureCalculatorUICheck.validateLoanTenureLoanAmountInputFieldByPassingValue(java.lang.String,java.lang.String,java.lang.String)[pri:52, instance:TestCases.LoanTenureCalculatorUICheck@26794848]" name="validateLoanTenureLoanAmountInputFieldByPassingValue" class="TestCases.LoanTenureCalculatorUICheck"/>
        <method signature="LoanTenureCalculatorUICheck.verifyLoanTenureEmiInputFieldPresence()[pri:53, instance:TestCases.LoanTenureCalculatorUICheck@26794848]" name="verifyLoanTenureEmiInputFieldPresence" class="TestCases.LoanTenureCalculatorUICheck"/>
        <method signature="LoanTenureCalculatorUICheck.verifyLoanTenureInterestRateInputFieldPresence()[pri:54, instance:TestCases.LoanTenureCalculatorUICheck@26794848]" name="verifyLoanTenureInterestRateInputFieldPresence" class="TestCases.LoanTenureCalculatorUICheck"/>
        <method signature="LoanTenureCalculatorUICheck.validateLoanTenureInterestRateInputFieldByPassingValue(java.lang.String,java.lang.String,java.lang.String)[pri:55, instance:TestCases.LoanTenureCalculatorUICheck@26794848]" name="validateLoanTenureInterestRateInputFieldByPassingValue" class="TestCases.LoanTenureCalculatorUICheck"/>
        <method signature="LoanTenureCalculatorUICheck.verifyLoanTenuteLoanChargesInputFieldPresence()[pri:56, instance:TestCases.LoanTenureCalculatorUICheck@26794848]" name="verifyLoanTenuteLoanChargesInputFieldPresence" class="TestCases.LoanTenureCalculatorUICheck"/>
        <method signature="LoanTenureCalculatorUICheck.validateLoanTenureLoanChargesInputFieldByValue(java.lang.String,java.lang.String,java.lang.String)[pri:57, instance:TestCases.LoanTenureCalculatorUICheck@26794848]" name="validateLoanTenureLoanChargesInputFieldByValue" class="TestCases.LoanTenureCalculatorUICheck"/>
      </group> <!-- Master -->
      <group name="Sanity">
        <method signature="CarLoanEMI.clickOnCarLoanLink()[pri:1, instance:TestCases.LoanTenureCalculatorUICheck@26794848]" name="clickOnCarLoanLink" class="TestCases.CarLoanEMI"/>
        <method signature="HomeLoanEMI.calculatorsDropDownValidation()[pri:7, instance:TestCases.LoanTenureCalculatorUICheck@26794848]" name="calculatorsDropDownValidation" class="TestCases.HomeLoanEMI"/>
        <method signature="HomeLoanEMI.homeLoanEmiCalculatorValidation()[pri:8, instance:TestCases.LoanTenureCalculatorUICheck@26794848]" name="homeLoanEmiCalculatorValidation" class="TestCases.HomeLoanEMI"/>
        <method signature="EMICalculator.calculatorsDropDownValidationFromHomeLoan()[pri:28, instance:TestCases.LoanTenureCalculatorUICheck@26794848]" name="calculatorsDropDownValidationFromHomeLoan" class="TestCases.EMICalculator"/>
        <method signature="EMICalculator.emiCalculatorPageValidation()[pri:29, instance:TestCases.LoanTenureCalculatorUICheck@26794848]" name="emiCalculatorPageValidation" class="TestCases.EMICalculator"/>
        <method signature="CalculateEmiUICheck.validateEmiCalculatorLink()[pri:30, instance:TestCases.LoanTenureCalculatorUICheck@26794848]" name="validateEmiCalculatorLink" class="TestCases.CalculateEmiUICheck"/>
        <method signature="LoanAmountCalculatorUICheck.validateLoanAmountCalculatorLink()[pri:40, instance:TestCases.LoanTenureCalculatorUICheck@26794848]" name="validateLoanAmountCalculatorLink" class="TestCases.LoanAmountCalculatorUICheck"/>
        <method signature="LoanTenureCalculatorUICheck.validateLoanTenureCalculatorLink()[pri:50, instance:TestCases.LoanTenureCalculatorUICheck@26794848]" name="validateLoanTenureCalculatorLink" class="TestCases.LoanTenureCalculatorUICheck"/>
      </group> <!-- Sanity -->
      <group name="Regression">
        <method signature="CarLoanEMI.setCarAmount(java.lang.String,java.lang.String,java.lang.String)[pri:2, instance:TestCases.LoanTenureCalculatorUICheck@26794848]" name="setCarAmount" class="TestCases.CarLoanEMI"/>
        <method signature="CarLoanEMI.setInterestRate(java.lang.String,java.lang.String,java.lang.String)[pri:3, instance:TestCases.LoanTenureCalculatorUICheck@26794848]" name="setInterestRate" class="TestCases.CarLoanEMI"/>
        <method signature="CarLoanEMI.setLoanTenure(java.lang.String,java.lang.String,java.lang.String)[pri:4, instance:TestCases.LoanTenureCalculatorUICheck@26794848]" name="setLoanTenure" class="TestCases.CarLoanEMI"/>
        <method signature="CarLoanEMI.clickOnyear()[pri:5, instance:TestCases.LoanTenureCalculatorUICheck@26794848]" name="clickOnyear" class="TestCases.CarLoanEMI"/>
        <method signature="CarLoanEMI.readData()[pri:6, instance:TestCases.LoanTenureCalculatorUICheck@26794848]" name="readData" class="TestCases.CarLoanEMI"/>
        <method signature="HomeLoanEMI.validateHomeValueInputfield(java.lang.String,java.lang.String,java.lang.String,java.lang.String,java.lang.String,java.lang.String,java.lang.String,java.lang.String,java.lang.String,java.lang.String,java.lang.String)[pri:9, instance:TestCases.LoanTenureCalculatorUICheck@26794848]" name="validateHomeValueInputfield" class="TestCases.HomeLoanEMI"/>
        <method signature="HomeLoanEMI.validateDownPaymentInputFieldInPercentage(java.lang.String,java.lang.String,java.lang.String,java.lang.String,java.lang.String,java.lang.String,java.lang.String,java.lang.String,java.lang.String,java.lang.String,java.lang.String)[pri:10, instance:TestCases.LoanTenureCalculatorUICheck@26794848]" name="validateDownPaymentInputFieldInPercentage" class="TestCases.HomeLoanEMI"/>
        <method signature="HomeLoanEMI.validateDownPaymentRupeesButton()[pri:11, instance:TestCases.LoanTenureCalculatorUICheck@26794848]" name="validateDownPaymentRupeesButton" class="TestCases.HomeLoanEMI"/>
        <method signature="HomeLoanEMI.validateLoanInsuranceInputField(java.lang.String,java.lang.String,java.lang.String,java.lang.String,java.lang.String,java.lang.String,java.lang.String,java.lang.String,java.lang.String,java.lang.String,java.lang.String)[pri:12, instance:TestCases.LoanTenureCalculatorUICheck@26794848]" name="validateLoanInsuranceInputField" class="TestCases.HomeLoanEMI"/>
        <method signature="HomeLoanEMI.validateInterestRateInputField(java.lang.String,java.lang.String,java.lang.String,java.lang.String,java.lang.String,java.lang.String,java.lang.String,java.lang.String,java.lang.String,java.lang.String,java.lang.String)[pri:13, instance:TestCases.LoanTenureCalculatorUICheck@26794848]" name="validateInterestRateInputField" class="TestCases.HomeLoanEMI"/>
        <method signature="HomeLoanEMI.validateLoanTenureInputField(java.lang.String,java.lang.String,java.lang.String,java.lang.String,java.lang.String,java.lang.String,java.lang.String,java.lang.String,java.lang.String,java.lang.String,java.lang.String)[pri:14, instance:TestCases.LoanTenureCalculatorUICheck@26794848]" name="validateLoanTenureInputField" class="TestCases.HomeLoanEMI"/>
        <method signature="HomeLoanEMI.validateLoanTenureMonthsButton()[pri:15, instance:TestCases.LoanTenureCalculatorUICheck@26794848]" name="validateLoanTenureMonthsButton" class="TestCases.HomeLoanEMI"/>
        <method signature="HomeLoanEMI.validateLoanChargesInputField(java.lang.String,java.lang.String,java.lang.String,java.lang.String,java.lang.String,java.lang.String,java.lang.String,java.lang.String,java.lang.String,java.lang.String,java.lang.String)[pri:16, instance:TestCases.LoanTenureCalculatorUICheck@26794848]" name="validateLoanChargesInputField" class="TestCases.HomeLoanEMI"/>
        <method signature="HomeLoanEMI.validateLoanChargesRupeesButtonElement()[pri:17, instance:TestCases.LoanTenureCalculatorUICheck@26794848]" name="validateLoanChargesRupeesButtonElement" class="TestCases.HomeLoanEMI"/>
        <method signature="HomeLoanEMI.validateLoanStartMonthAndYearField()[pri:18, instance:TestCases.LoanTenureCalculatorUICheck@26794848]" name="validateLoanStartMonthAndYearField" class="TestCases.HomeLoanEMI"/>
        <method signature="HomeLoanEMI.validateLoanStartMonthAndYearInputField(java.lang.String,java.lang.String,java.lang.String,java.lang.String,java.lang.String,java.lang.String,java.lang.String,java.lang.String,java.lang.String,java.lang.String,java.lang.String)[pri:19, instance:TestCases.LoanTenureCalculatorUICheck@26794848]" name="validateLoanStartMonthAndYearInputField" class="TestCases.HomeLoanEMI"/>
        <method signature="HomeLoanEMI.validateOneTimeExpensesInputField(java.lang.String,java.lang.String,java.lang.String,java.lang.String,java.lang.String,java.lang.String,java.lang.String,java.lang.String,java.lang.String,java.lang.String,java.lang.String)[pri:20, instance:TestCases.LoanTenureCalculatorUICheck@26794848]" name="validateOneTimeExpensesInputField" class="TestCases.HomeLoanEMI"/>
        <method signature="HomeLoanEMI.validateOneTimeExpensesRupeesButton()[pri:21, instance:TestCases.LoanTenureCalculatorUICheck@26794848]" name="validateOneTimeExpensesRupeesButton" class="TestCases.HomeLoanEMI"/>
        <method signature="HomeLoanEMI.validatePropertyTaxesPerYearInputField(java.lang.String,java.lang.String,java.lang.String,java.lang.String,java.lang.String,java.lang.String,java.lang.String,java.lang.String,java.lang.String,java.lang.String,java.lang.String)[pri:22, instance:TestCases.LoanTenureCalculatorUICheck@26794848]" name="validatePropertyTaxesPerYearInputField" class="TestCases.HomeLoanEMI"/>
        <method signature="HomeLoanEMI.validatePropertyTaxesPerYearRupeesButton()[pri:23, instance:TestCases.LoanTenureCalculatorUICheck@26794848]" name="validatePropertyTaxesPerYearRupeesButton" class="TestCases.HomeLoanEMI"/>
        <method signature="HomeLoanEMI.validateHomeInsurancePerYearInputField(java.lang.String,java.lang.String,java.lang.String,java.lang.String,java.lang.String,java.lang.String,java.lang.String,java.lang.String,java.lang.String,java.lang.String,java.lang.String)[pri:24, instance:TestCases.LoanTenureCalculatorUICheck@26794848]" name="validateHomeInsurancePerYearInputField" class="TestCases.HomeLoanEMI"/>
        <method signature="HomeLoanEMI.validateHomeInsurancePerYearRupeesButton()[pri:25, instance:TestCases.LoanTenureCalculatorUICheck@26794848]" name="validateHomeInsurancePerYearRupeesButton" class="TestCases.HomeLoanEMI"/>
        <method signature="HomeLoanEMI.validateMaintenanceExpensesPerMonthInputField(java.lang.String,java.lang.String,java.lang.String,java.lang.String,java.lang.String,java.lang.String,java.lang.String,java.lang.String,java.lang.String,java.lang.String,java.lang.String)[pri:26, instance:TestCases.LoanTenureCalculatorUICheck@26794848]" name="validateMaintenanceExpensesPerMonthInputField" class="TestCases.HomeLoanEMI"/>
        <method signature="HomeLoanEMI.printAllTheData()[pri:27, instance:TestCases.LoanTenureCalculatorUICheck@26794848]" name="printAllTheData" class="TestCases.HomeLoanEMI"/>
        <method signature="CalculateEmiUICheck.verifyEmiCalculatorLoanAmountInputFieldPresence()[pri:31, instance:TestCases.LoanTenureCalculatorUICheck@26794848]" name="verifyEmiCalculatorLoanAmountInputFieldPresence" class="TestCases.CalculateEmiUICheck"/>
        <method signature="CalculateEmiUICheck.validateEmiCalculatorLoanAmountInputFieldByPassingValue(java.lang.String,java.lang.String,java.lang.String,java.lang.String)[pri:32, instance:TestCases.LoanTenureCalculatorUICheck@26794848]" name="validateEmiCalculatorLoanAmountInputFieldByPassingValue" class="TestCases.CalculateEmiUICheck"/>
        <method signature="CalculateEmiUICheck.verifyEmiCalculatorInterestRateInputFieldPresence()[pri:33, instance:TestCases.LoanTenureCalculatorUICheck@26794848]" name="verifyEmiCalculatorInterestRateInputFieldPresence" class="TestCases.CalculateEmiUICheck"/>
        <method signature="CalculateEmiUICheck.validateEmiCalculatorInterestRateInputFieldByPassingValue(java.lang.String,java.lang.String,java.lang.String,java.lang.String)[pri:34, instance:TestCases.LoanTenureCalculatorUICheck@26794848]" name="validateEmiCalculatorInterestRateInputFieldByPassingValue" class="TestCases.CalculateEmiUICheck"/>
        <method signature="CalculateEmiUICheck.verifyEmiCalculatorLoanTenureInputFieldPresence()[pri:35, instance:TestCases.LoanTenureCalculatorUICheck@26794848]" name="verifyEmiCalculatorLoanTenureInputFieldPresence" class="TestCases.CalculateEmiUICheck"/>
        <method signature="CalculateEmiUICheck.validateEmiCalculatorLoanTenureInputFieldByPassingValue(java.lang.String,java.lang.String,java.lang.String,java.lang.String)[pri:36, instance:TestCases.LoanTenureCalculatorUICheck@26794848]" name="validateEmiCalculatorLoanTenureInputFieldByPassingValue" class="TestCases.CalculateEmiUICheck"/>
        <method signature="CalculateEmiUICheck.validateEmiCalculatorLoanTenureMonthButton()[pri:37, instance:TestCases.LoanTenureCalculatorUICheck@26794848]" name="validateEmiCalculatorLoanTenureMonthButton" class="TestCases.CalculateEmiUICheck"/>
        <method signature="CalculateEmiUICheck.verifyEmiCalculatorLoanChargesInputFieldPresence()[pri:38, instance:TestCases.LoanTenureCalculatorUICheck@26794848]" name="verifyEmiCalculatorLoanChargesInputFieldPresence" class="TestCases.CalculateEmiUICheck"/>
        <method signature="CalculateEmiUICheck.validateEmiCalculatorLoanChargesInputFieldByPassingValue(java.lang.String,java.lang.String,java.lang.String,java.lang.String)[pri:39, instance:TestCases.LoanTenureCalculatorUICheck@26794848]" name="validateEmiCalculatorLoanChargesInputFieldByPassingValue" class="TestCases.CalculateEmiUICheck"/>
        <method signature="LoanAmountCalculatorUICheck.verifyEmiInputFieldPresence()[pri:41, instance:TestCases.LoanTenureCalculatorUICheck@26794848]" name="verifyEmiInputFieldPresence" class="TestCases.LoanAmountCalculatorUICheck"/>
        <method signature="LoanAmountCalculatorUICheck.verifyEmiInputFieldByPassingValue(java.lang.String,java.lang.String,java.lang.String,java.lang.String)[pri:42, instance:TestCases.LoanTenureCalculatorUICheck@26794848]" name="verifyEmiInputFieldByPassingValue" class="TestCases.LoanAmountCalculatorUICheck"/>
        <method signature="LoanAmountCalculatorUICheck.verifyLoanAmountInterestRateInputFieldPresence()[pri:43, instance:TestCases.LoanTenureCalculatorUICheck@26794848]" name="verifyLoanAmountInterestRateInputFieldPresence" class="TestCases.LoanAmountCalculatorUICheck"/>
        <method signature="LoanAmountCalculatorUICheck.validateLoanAmountInterestRateInputFieldByPassingValue(java.lang.String,java.lang.String,java.lang.String,java.lang.String)[pri:44, instance:TestCases.LoanTenureCalculatorUICheck@26794848]" name="validateLoanAmountInterestRateInputFieldByPassingValue" class="TestCases.LoanAmountCalculatorUICheck"/>
        <method signature="LoanAmountCalculatorUICheck.verifyLoanAmountTenureInputFieldPresence()[pri:45, instance:TestCases.LoanTenureCalculatorUICheck@26794848]" name="verifyLoanAmountTenureInputFieldPresence" class="TestCases.LoanAmountCalculatorUICheck"/>
        <method signature="LoanAmountCalculatorUICheck.validateLoanAmountTenureInputFieldByPassingValue(java.lang.String,java.lang.String,java.lang.String,java.lang.String)[pri:46, instance:TestCases.LoanTenureCalculatorUICheck@26794848]" name="validateLoanAmountTenureInputFieldByPassingValue" class="TestCases.LoanAmountCalculatorUICheck"/>
        <method signature="LoanAmountCalculatorUICheck.validateLoanAmountLoanTenureMonthButton()[pri:47, instance:TestCases.LoanTenureCalculatorUICheck@26794848]" name="validateLoanAmountLoanTenureMonthButton" class="TestCases.LoanAmountCalculatorUICheck"/>
        <method signature="LoanAmountCalculatorUICheck.verifyLoanAmountLoanChargesInputFieldPresence()[pri:48, instance:TestCases.LoanTenureCalculatorUICheck@26794848]" name="verifyLoanAmountLoanChargesInputFieldPresence" class="TestCases.LoanAmountCalculatorUICheck"/>
        <method signature="LoanAmountCalculatorUICheck.validateLoanAmountLoanChargesInputFieldByPassingValue(java.lang.String,java.lang.String,java.lang.String,java.lang.String)[pri:49, instance:TestCases.LoanTenureCalculatorUICheck@26794848]" name="validateLoanAmountLoanChargesInputFieldByPassingValue" class="TestCases.LoanAmountCalculatorUICheck"/>
        <method signature="LoanTenureCalculatorUICheck.verifyLoanTenureLoanAmountInputFieldPresence()[pri:51, instance:TestCases.LoanTenureCalculatorUICheck@26794848]" name="verifyLoanTenureLoanAmountInputFieldPresence" class="TestCases.LoanTenureCalculatorUICheck"/>
        <method signature="LoanTenureCalculatorUICheck.validateLoanTenureLoanAmountInputFieldByPassingValue(java.lang.String,java.lang.String,java.lang.String)[pri:52, instance:TestCases.LoanTenureCalculatorUICheck@26794848]" name="validateLoanTenureLoanAmountInputFieldByPassingValue" class="TestCases.LoanTenureCalculatorUICheck"/>
        <method signature="LoanTenureCalculatorUICheck.verifyLoanTenureEmiInputFieldPresence()[pri:53, instance:TestCases.LoanTenureCalculatorUICheck@26794848]" name="verifyLoanTenureEmiInputFieldPresence" class="TestCases.LoanTenureCalculatorUICheck"/>
        <method signature="LoanTenureCalculatorUICheck.verifyLoanTenureInterestRateInputFieldPresence()[pri:54, instance:TestCases.LoanTenureCalculatorUICheck@26794848]" name="verifyLoanTenureInterestRateInputFieldPresence" class="TestCases.LoanTenureCalculatorUICheck"/>
        <method signature="LoanTenureCalculatorUICheck.validateLoanTenureInterestRateInputFieldByPassingValue(java.lang.String,java.lang.String,java.lang.String)[pri:55, instance:TestCases.LoanTenureCalculatorUICheck@26794848]" name="validateLoanTenureInterestRateInputFieldByPassingValue" class="TestCases.LoanTenureCalculatorUICheck"/>
        <method signature="LoanTenureCalculatorUICheck.verifyLoanTenuteLoanChargesInputFieldPresence()[pri:56, instance:TestCases.LoanTenureCalculatorUICheck@26794848]" name="verifyLoanTenuteLoanChargesInputFieldPresence" class="TestCases.LoanTenureCalculatorUICheck"/>
        <method signature="LoanTenureCalculatorUICheck.validateLoanTenureLoanChargesInputFieldByValue(java.lang.String,java.lang.String,java.lang.String)[pri:57, instance:TestCases.LoanTenureCalculatorUICheck@26794848]" name="validateLoanTenureLoanChargesInputFieldByValue" class="TestCases.LoanTenureCalculatorUICheck"/>
      </group> <!-- Regression -->
    </groups>
    <test started-at="2024-02-15T19:00:44 IST" name="Test" finished-at="2024-02-15T19:03:24 IST" duration-ms="159886">
      <class name="TestCases.LoanTenureCalculatorUICheck">
        <test-method is-config="true" signature="setUp(java.lang.String,java.lang.String)[pri:0, instance:TestCases.LoanTenureCalculatorUICheck@26794848]" started-at="2024-02-15T19:00:45 IST" name="setUp" finished-at="2024-02-15T19:01:07 IST" duration-ms="21632" status="PASS">
          <params>
            <param index="0">
              <value>
                <![CDATA[Windows]]>
              </value>
            </param>
            <param index="1">
              <value>
                <![CDATA[chrome]]>
              </value>
            </param>
          </params>
          <reporter-output>
          </reporter-output>
        </test-method> <!-- setUp -->
        <test-method signature="clickOnCarLoanLink()[pri:1, instance:TestCases.LoanTenureCalculatorUICheck@26794848]" started-at="2024-02-15T19:01:07 IST" name="clickOnCarLoanLink" finished-at="2024-02-15T19:01:09 IST" duration-ms="1406" status="PASS">
          <reporter-output>
          </reporter-output>
        </test-method> <!-- clickOnCarLoanLink -->
        <test-method signature="setCarAmount(java.lang.String,java.lang.String,java.lang.String)[pri:2, instance:TestCases.LoanTenureCalculatorUICheck@26794848]" started-at="2024-02-15T19:01:13 IST" name="setCarAmount" data-provider="carLoanData" finished-at="2024-02-15T19:01:14 IST" depends-on-methods="TestCases.CarLoanEMI.clickOnCarLoanLink" duration-ms="993" status="PASS">
          <params>
            <param index="0">
              <value>
                <![CDATA[15,00,000]]>
              </value>
            </param>
            <param index="1">
              <value>
                <![CDATA[9.5]]>
              </value>
            </param>
            <param index="2">
              <value>
                <![CDATA[1.0]]>
              </value>
            </param>
          </params>
          <reporter-output>
          </reporter-output>
        </test-method> <!-- setCarAmount -->
        <test-method signature="setInterestRate(java.lang.String,java.lang.String,java.lang.String)[pri:3, instance:TestCases.LoanTenureCalculatorUICheck@26794848]" started-at="2024-02-15T19:01:15 IST" name="setInterestRate" data-provider="carLoanData" finished-at="2024-02-15T19:01:16 IST" depends-on-methods="TestCases.CarLoanEMI.clickOnCarLoanLink" duration-ms="941" status="PASS">
          <params>
            <param index="0">
              <value>
                <![CDATA[15,00,000]]>
              </value>
            </param>
            <param index="1">
              <value>
                <![CDATA[9.5]]>
              </value>
            </param>
            <param index="2">
              <value>
                <![CDATA[1.0]]>
              </value>
            </param>
          </params>
          <reporter-output>
          </reporter-output>
        </test-method> <!-- setInterestRate -->
        <test-method signature="setLoanTenure(java.lang.String,java.lang.String,java.lang.String)[pri:4, instance:TestCases.LoanTenureCalculatorUICheck@26794848]" started-at="2024-02-15T19:01:18 IST" name="setLoanTenure" data-provider="carLoanData" finished-at="2024-02-15T19:01:19 IST" depends-on-methods="TestCases.CarLoanEMI.clickOnCarLoanLink" duration-ms="794" status="PASS">
          <params>
            <param index="0">
              <value>
                <![CDATA[15,00,000]]>
              </value>
            </param>
            <param index="1">
              <value>
                <![CDATA[9.5]]>
              </value>
            </param>
            <param index="2">
              <value>
                <![CDATA[1.0]]>
              </value>
            </param>
          </params>
          <reporter-output>
          </reporter-output>
        </test-method> <!-- setLoanTenure -->
        <test-method signature="clickOnyear()[pri:5, instance:TestCases.LoanTenureCalculatorUICheck@26794848]" started-at="2024-02-15T19:01:19 IST" name="clickOnyear" finished-at="2024-02-15T19:01:20 IST" depends-on-methods="TestCases.CarLoanEMI.clickOnCarLoanLink" duration-ms="608" status="PASS">
          <reporter-output>
          </reporter-output>
        </test-method> <!-- clickOnyear -->
        <test-method signature="readData()[pri:6, instance:TestCases.LoanTenureCalculatorUICheck@26794848]" started-at="2024-02-15T19:01:20 IST" name="readData" finished-at="2024-02-15T19:01:21 IST" depends-on-methods="TestCases.CarLoanEMI.clickOnCarLoanLink" duration-ms="317" status="PASS">
          <reporter-output>
          </reporter-output>
        </test-method> <!-- readData -->
        <test-method signature="calculatorsDropDownValidation()[pri:7, instance:TestCases.LoanTenureCalculatorUICheck@26794848]" started-at="2024-02-15T19:01:21 IST" name="calculatorsDropDownValidation" finished-at="2024-02-15T19:01:21 IST" duration-ms="259" status="PASS">
          <reporter-output>
          </reporter-output>
        </test-method> <!-- calculatorsDropDownValidation -->
        <test-method signature="homeLoanEmiCalculatorValidation()[pri:8, instance:TestCases.LoanTenureCalculatorUICheck@26794848]" started-at="2024-02-15T19:01:22 IST" name="homeLoanEmiCalculatorValidation" finished-at="2024-02-15T19:01:29 IST" duration-ms="7684" status="PASS">
          <reporter-output>
          </reporter-output>
        </test-method> <!-- homeLoanEmiCalculatorValidation -->
        <test-method signature="validateHomeValueInputfield(java.lang.String,java.lang.String,java.lang.String,java.lang.String,java.lang.String,java.lang.String,java.lang.String,java.lang.String,java.lang.String,java.lang.String,java.lang.String)[pri:9, instance:TestCases.LoanTenureCalculatorUICheck@26794848]" started-at="2024-02-15T19:01:32 IST" name="validateHomeValueInputfield" data-provider="homeLoanDetailsData" finished-at="2024-02-15T19:01:37 IST" depends-on-methods="TestCases.HomeLoanEMI.homeLoanEmiCalculatorValidation, TestCases.HomeLoanEMI.calculatorsDropDownValidation" duration-ms="5834" status="PASS">
          <params>
            <param index="0">
              <value>
                <![CDATA[2,00,00,000]]>
              </value>
            </param>
            <param index="1">
              <value>
                <![CDATA[25.0]]>
              </value>
            </param>
            <param index="2">
              <value>
                <![CDATA[10,00,000]]>
              </value>
            </param>
            <param index="3">
              <value>
                <![CDATA[12.0]]>
              </value>
            </param>
            <param index="4">
              <value>
                <![CDATA[10.0]]>
              </value>
            </param>
            <param index="5">
              <value>
                <![CDATA[0.3]]>
              </value>
            </param>
            <param index="6">
              <value>
                <![CDATA[01-Feb-2029]]>
              </value>
            </param>
            <param index="7">
              <value>
                <![CDATA[5.0]]>
              </value>
            </param>
            <param index="8">
              <value>
                <![CDATA[0.3]]>
              </value>
            </param>
            <param index="9">
              <value>
                <![CDATA[0.1]]>
              </value>
            </param>
            <param index="10">
              <value>
                <![CDATA[3000.0]]>
              </value>
            </param>
          </params>
          <reporter-output>
          </reporter-output>
        </test-method> <!-- validateHomeValueInputfield -->
        <test-method signature="validateDownPaymentInputFieldInPercentage(java.lang.String,java.lang.String,java.lang.String,java.lang.String,java.lang.String,java.lang.String,java.lang.String,java.lang.String,java.lang.String,java.lang.String,java.lang.String)[pri:10, instance:TestCases.LoanTenureCalculatorUICheck@26794848]" started-at="2024-02-15T19:01:39 IST" name="validateDownPaymentInputFieldInPercentage" data-provider="homeLoanDetailsData" finished-at="2024-02-15T19:01:43 IST" depends-on-methods="TestCases.HomeLoanEMI.homeLoanEmiCalculatorValidation, TestCases.HomeLoanEMI.calculatorsDropDownValidation" duration-ms="4091" status="PASS">
          <params>
            <param index="0">
              <value>
                <![CDATA[2,00,00,000]]>
              </value>
            </param>
            <param index="1">
              <value>
                <![CDATA[25.0]]>
              </value>
            </param>
            <param index="2">
              <value>
                <![CDATA[10,00,000]]>
              </value>
            </param>
            <param index="3">
              <value>
                <![CDATA[12.0]]>
              </value>
            </param>
            <param index="4">
              <value>
                <![CDATA[10.0]]>
              </value>
            </param>
            <param index="5">
              <value>
                <![CDATA[0.3]]>
              </value>
            </param>
            <param index="6">
              <value>
                <![CDATA[01-Feb-2029]]>
              </value>
            </param>
            <param index="7">
              <value>
                <![CDATA[5.0]]>
              </value>
            </param>
            <param index="8">
              <value>
                <![CDATA[0.3]]>
              </value>
            </param>
            <param index="9">
              <value>
                <![CDATA[0.1]]>
              </value>
            </param>
            <param index="10">
              <value>
                <![CDATA[3000.0]]>
              </value>
            </param>
          </params>
          <reporter-output>
          </reporter-output>
        </test-method> <!-- validateDownPaymentInputFieldInPercentage -->
        <test-method signature="validateDownPaymentRupeesButton()[pri:11, instance:TestCases.LoanTenureCalculatorUICheck@26794848]" started-at="2024-02-15T19:01:43 IST" name="validateDownPaymentRupeesButton" finished-at="2024-02-15T19:01:44 IST" depends-on-methods="TestCases.HomeLoanEMI.homeLoanEmiCalculatorValidation, TestCases.HomeLoanEMI.calculatorsDropDownValidation" duration-ms="670" status="PASS">
          <reporter-output>
          </reporter-output>
        </test-method> <!-- validateDownPaymentRupeesButton -->
        <test-method signature="validateLoanInsuranceInputField(java.lang.String,java.lang.String,java.lang.String,java.lang.String,java.lang.String,java.lang.String,java.lang.String,java.lang.String,java.lang.String,java.lang.String,java.lang.String)[pri:12, instance:TestCases.LoanTenureCalculatorUICheck@26794848]" started-at="2024-02-15T19:01:46 IST" name="validateLoanInsuranceInputField" data-provider="homeLoanDetailsData" finished-at="2024-02-15T19:01:50 IST" depends-on-methods="TestCases.HomeLoanEMI.homeLoanEmiCalculatorValidation, TestCases.HomeLoanEMI.calculatorsDropDownValidation" duration-ms="4057" status="PASS">
          <params>
            <param index="0">
              <value>
                <![CDATA[2,00,00,000]]>
              </value>
            </param>
            <param index="1">
              <value>
                <![CDATA[25.0]]>
              </value>
            </param>
            <param index="2">
              <value>
                <![CDATA[10,00,000]]>
              </value>
            </param>
            <param index="3">
              <value>
                <![CDATA[12.0]]>
              </value>
            </param>
            <param index="4">
              <value>
                <![CDATA[10.0]]>
              </value>
            </param>
            <param index="5">
              <value>
                <![CDATA[0.3]]>
              </value>
            </param>
            <param index="6">
              <value>
                <![CDATA[01-Feb-2029]]>
              </value>
            </param>
            <param index="7">
              <value>
                <![CDATA[5.0]]>
              </value>
            </param>
            <param index="8">
              <value>
                <![CDATA[0.3]]>
              </value>
            </param>
            <param index="9">
              <value>
                <![CDATA[0.1]]>
              </value>
            </param>
            <param index="10">
              <value>
                <![CDATA[3000.0]]>
              </value>
            </param>
          </params>
          <reporter-output>
          </reporter-output>
        </test-method> <!-- validateLoanInsuranceInputField -->
        <test-method signature="validateInterestRateInputField(java.lang.String,java.lang.String,java.lang.String,java.lang.String,java.lang.String,java.lang.String,java.lang.String,java.lang.String,java.lang.String,java.lang.String,java.lang.String)[pri:13, instance:TestCases.LoanTenureCalculatorUICheck@26794848]" started-at="2024-02-15T19:01:51 IST" name="validateInterestRateInputField" data-provider="homeLoanDetailsData" finished-at="2024-02-15T19:01:52 IST" depends-on-methods="TestCases.HomeLoanEMI.homeLoanEmiCalculatorValidation, TestCases.HomeLoanEMI.calculatorsDropDownValidation" duration-ms="364" status="PASS">
          <params>
            <param index="0">
              <value>
                <![CDATA[2,00,00,000]]>
              </value>
            </param>
            <param index="1">
              <value>
                <![CDATA[25.0]]>
              </value>
            </param>
            <param index="2">
              <value>
                <![CDATA[10,00,000]]>
              </value>
            </param>
            <param index="3">
              <value>
                <![CDATA[12.0]]>
              </value>
            </param>
            <param index="4">
              <value>
                <![CDATA[10.0]]>
              </value>
            </param>
            <param index="5">
              <value>
                <![CDATA[0.3]]>
              </value>
            </param>
            <param index="6">
              <value>
                <![CDATA[01-Feb-2029]]>
              </value>
            </param>
            <param index="7">
              <value>
                <![CDATA[5.0]]>
              </value>
            </param>
            <param index="8">
              <value>
                <![CDATA[0.3]]>
              </value>
            </param>
            <param index="9">
              <value>
                <![CDATA[0.1]]>
              </value>
            </param>
            <param index="10">
              <value>
                <![CDATA[3000.0]]>
              </value>
            </param>
          </params>
          <reporter-output>
          </reporter-output>
        </test-method> <!-- validateInterestRateInputField -->
        <test-method signature="validateLoanTenureInputField(java.lang.String,java.lang.String,java.lang.String,java.lang.String,java.lang.String,java.lang.String,java.lang.String,java.lang.String,java.lang.String,java.lang.String,java.lang.String)[pri:14, instance:TestCases.LoanTenureCalculatorUICheck@26794848]" started-at="2024-02-15T19:01:53 IST" name="validateLoanTenureInputField" data-provider="homeLoanDetailsData" finished-at="2024-02-15T19:01:54 IST" depends-on-methods="TestCases.HomeLoanEMI.homeLoanEmiCalculatorValidation, TestCases.HomeLoanEMI.calculatorsDropDownValidation" duration-ms="821" status="PASS">
          <params>
            <param index="0">
              <value>
                <![CDATA[2,00,00,000]]>
              </value>
            </param>
            <param index="1">
              <value>
                <![CDATA[25.0]]>
              </value>
            </param>
            <param index="2">
              <value>
                <![CDATA[10,00,000]]>
              </value>
            </param>
            <param index="3">
              <value>
                <![CDATA[12.0]]>
              </value>
            </param>
            <param index="4">
              <value>
                <![CDATA[10.0]]>
              </value>
            </param>
            <param index="5">
              <value>
                <![CDATA[0.3]]>
              </value>
            </param>
            <param index="6">
              <value>
                <![CDATA[01-Feb-2029]]>
              </value>
            </param>
            <param index="7">
              <value>
                <![CDATA[5.0]]>
              </value>
            </param>
            <param index="8">
              <value>
                <![CDATA[0.3]]>
              </value>
            </param>
            <param index="9">
              <value>
                <![CDATA[0.1]]>
              </value>
            </param>
            <param index="10">
              <value>
                <![CDATA[3000.0]]>
              </value>
            </param>
          </params>
          <reporter-output>
          </reporter-output>
        </test-method> <!-- validateLoanTenureInputField -->
        <test-method signature="validateLoanTenureMonthsButton()[pri:15, instance:TestCases.LoanTenureCalculatorUICheck@26794848]" started-at="2024-02-15T19:01:54 IST" name="validateLoanTenureMonthsButton" finished-at="2024-02-15T19:01:55 IST" depends-on-methods="TestCases.HomeLoanEMI.homeLoanEmiCalculatorValidation, TestCases.HomeLoanEMI.calculatorsDropDownValidation" duration-ms="685" status="PASS">
          <reporter-output>
          </reporter-output>
        </test-method> <!-- validateLoanTenureMonthsButton -->
        <test-method signature="validateLoanChargesInputField(java.lang.String,java.lang.String,java.lang.String,java.lang.String,java.lang.String,java.lang.String,java.lang.String,java.lang.String,java.lang.String,java.lang.String,java.lang.String)[pri:16, instance:TestCases.LoanTenureCalculatorUICheck@26794848]" started-at="2024-02-15T19:01:56 IST" name="validateLoanChargesInputField" data-provider="homeLoanDetailsData" finished-at="2024-02-15T19:02:01 IST" depends-on-methods="TestCases.HomeLoanEMI.homeLoanEmiCalculatorValidation, TestCases.HomeLoanEMI.calculatorsDropDownValidation" duration-ms="4776" status="PASS">
          <params>
            <param index="0">
              <value>
                <![CDATA[2,00,00,000]]>
              </value>
            </param>
            <param index="1">
              <value>
                <![CDATA[25.0]]>
              </value>
            </param>
            <param index="2">
              <value>
                <![CDATA[10,00,000]]>
              </value>
            </param>
            <param index="3">
              <value>
                <![CDATA[12.0]]>
              </value>
            </param>
            <param index="4">
              <value>
                <![CDATA[10.0]]>
              </value>
            </param>
            <param index="5">
              <value>
                <![CDATA[0.3]]>
              </value>
            </param>
            <param index="6">
              <value>
                <![CDATA[01-Feb-2029]]>
              </value>
            </param>
            <param index="7">
              <value>
                <![CDATA[5.0]]>
              </value>
            </param>
            <param index="8">
              <value>
                <![CDATA[0.3]]>
              </value>
            </param>
            <param index="9">
              <value>
                <![CDATA[0.1]]>
              </value>
            </param>
            <param index="10">
              <value>
                <![CDATA[3000.0]]>
              </value>
            </param>
          </params>
          <reporter-output>
          </reporter-output>
        </test-method> <!-- validateLoanChargesInputField -->
        <test-method signature="validateLoanChargesRupeesButtonElement()[pri:17, instance:TestCases.LoanTenureCalculatorUICheck@26794848]" started-at="2024-02-15T19:02:01 IST" name="validateLoanChargesRupeesButtonElement" finished-at="2024-02-15T19:02:01 IST" depends-on-methods="TestCases.HomeLoanEMI.homeLoanEmiCalculatorValidation, TestCases.HomeLoanEMI.calculatorsDropDownValidation" duration-ms="398" status="PASS">
          <reporter-output>
          </reporter-output>
        </test-method> <!-- validateLoanChargesRupeesButtonElement -->
        <test-method signature="validateLoanStartMonthAndYearField()[pri:18, instance:TestCases.LoanTenureCalculatorUICheck@26794848]" started-at="2024-02-15T19:02:02 IST" name="validateLoanStartMonthAndYearField" finished-at="2024-02-15T19:02:02 IST" depends-on-methods="TestCases.HomeLoanEMI.homeLoanEmiCalculatorValidation, TestCases.HomeLoanEMI.calculatorsDropDownValidation" duration-ms="263" status="PASS">
          <reporter-output>
          </reporter-output>
        </test-method> <!-- validateLoanStartMonthAndYearField -->
        <test-method signature="validateLoanStartMonthAndYearInputField(java.lang.String,java.lang.String,java.lang.String,java.lang.String,java.lang.String,java.lang.String,java.lang.String,java.lang.String,java.lang.String,java.lang.String,java.lang.String)[pri:19, instance:TestCases.LoanTenureCalculatorUICheck@26794848]" started-at="2024-02-15T19:02:03 IST" name="validateLoanStartMonthAndYearInputField" data-provider="homeLoanDetailsData" finished-at="2024-02-15T19:02:05 IST" depends-on-methods="TestCases.HomeLoanEMI.homeLoanEmiCalculatorValidation, TestCases.HomeLoanEMI.calculatorsDropDownValidation" duration-ms="1895" status="PASS">
          <params>
            <param index="0">
              <value>
                <![CDATA[2,00,00,000]]>
              </value>
            </param>
            <param index="1">
              <value>
                <![CDATA[25.0]]>
              </value>
            </param>
            <param index="2">
              <value>
                <![CDATA[10,00,000]]>
              </value>
            </param>
            <param index="3">
              <value>
                <![CDATA[12.0]]>
              </value>
            </param>
            <param index="4">
              <value>
                <![CDATA[10.0]]>
              </value>
            </param>
            <param index="5">
              <value>
                <![CDATA[0.3]]>
              </value>
            </param>
            <param index="6">
              <value>
                <![CDATA[01-Feb-2029]]>
              </value>
            </param>
            <param index="7">
              <value>
                <![CDATA[5.0]]>
              </value>
            </param>
            <param index="8">
              <value>
                <![CDATA[0.3]]>
              </value>
            </param>
            <param index="9">
              <value>
                <![CDATA[0.1]]>
              </value>
            </param>
            <param index="10">
              <value>
                <![CDATA[3000.0]]>
              </value>
            </param>
          </params>
          <reporter-output>
          </reporter-output>
        </test-method> <!-- validateLoanStartMonthAndYearInputField -->
        <test-method signature="validateOneTimeExpensesInputField(java.lang.String,java.lang.String,java.lang.String,java.lang.String,java.lang.String,java.lang.String,java.lang.String,java.lang.String,java.lang.String,java.lang.String,java.lang.String)[pri:20, instance:TestCases.LoanTenureCalculatorUICheck@26794848]" started-at="2024-02-15T19:02:06 IST" name="validateOneTimeExpensesInputField" data-provider="homeLoanDetailsData" finished-at="2024-02-15T19:02:06 IST" depends-on-methods="TestCases.HomeLoanEMI.homeLoanEmiCalculatorValidation, TestCases.HomeLoanEMI.calculatorsDropDownValidation" duration-ms="355" status="PASS">
          <params>
            <param index="0">
              <value>
                <![CDATA[2,00,00,000]]>
              </value>
            </param>
            <param index="1">
              <value>
                <![CDATA[25.0]]>
              </value>
            </param>
            <param index="2">
              <value>
                <![CDATA[10,00,000]]>
              </value>
            </param>
            <param index="3">
              <value>
                <![CDATA[12.0]]>
              </value>
            </param>
            <param index="4">
              <value>
                <![CDATA[10.0]]>
              </value>
            </param>
            <param index="5">
              <value>
                <![CDATA[0.3]]>
              </value>
            </param>
            <param index="6">
              <value>
                <![CDATA[01-Feb-2029]]>
              </value>
            </param>
            <param index="7">
              <value>
                <![CDATA[5.0]]>
              </value>
            </param>
            <param index="8">
              <value>
                <![CDATA[0.3]]>
              </value>
            </param>
            <param index="9">
              <value>
                <![CDATA[0.1]]>
              </value>
            </param>
            <param index="10">
              <value>
                <![CDATA[3000.0]]>
              </value>
            </param>
          </params>
          <reporter-output>
          </reporter-output>
        </test-method> <!-- validateOneTimeExpensesInputField -->
        <test-method signature="validateOneTimeExpensesRupeesButton()[pri:21, instance:TestCases.LoanTenureCalculatorUICheck@26794848]" started-at="2024-02-15T19:02:07 IST" name="validateOneTimeExpensesRupeesButton" finished-at="2024-02-15T19:02:10 IST" depends-on-methods="TestCases.HomeLoanEMI.homeLoanEmiCalculatorValidation, TestCases.HomeLoanEMI.calculatorsDropDownValidation" duration-ms="3486" status="PASS">
          <reporter-output>
          </reporter-output>
        </test-method> <!-- validateOneTimeExpensesRupeesButton -->
        <test-method signature="validatePropertyTaxesPerYearInputField(java.lang.String,java.lang.String,java.lang.String,java.lang.String,java.lang.String,java.lang.String,java.lang.String,java.lang.String,java.lang.String,java.lang.String,java.lang.String)[pri:22, instance:TestCases.LoanTenureCalculatorUICheck@26794848]" started-at="2024-02-15T19:02:11 IST" name="validatePropertyTaxesPerYearInputField" data-provider="homeLoanDetailsData" finished-at="2024-02-15T19:02:11 IST" depends-on-methods="TestCases.HomeLoanEMI.homeLoanEmiCalculatorValidation, TestCases.HomeLoanEMI.calculatorsDropDownValidation" duration-ms="360" status="PASS">
          <params>
            <param index="0">
              <value>
                <![CDATA[2,00,00,000]]>
              </value>
            </param>
            <param index="1">
              <value>
                <![CDATA[25.0]]>
              </value>
            </param>
            <param index="2">
              <value>
                <![CDATA[10,00,000]]>
              </value>
            </param>
            <param index="3">
              <value>
                <![CDATA[12.0]]>
              </value>
            </param>
            <param index="4">
              <value>
                <![CDATA[10.0]]>
              </value>
            </param>
            <param index="5">
              <value>
                <![CDATA[0.3]]>
              </value>
            </param>
            <param index="6">
              <value>
                <![CDATA[01-Feb-2029]]>
              </value>
            </param>
            <param index="7">
              <value>
                <![CDATA[5.0]]>
              </value>
            </param>
            <param index="8">
              <value>
                <![CDATA[0.3]]>
              </value>
            </param>
            <param index="9">
              <value>
                <![CDATA[0.1]]>
              </value>
            </param>
            <param index="10">
              <value>
                <![CDATA[3000.0]]>
              </value>
            </param>
          </params>
          <reporter-output>
          </reporter-output>
        </test-method> <!-- validatePropertyTaxesPerYearInputField -->
        <test-method signature="validatePropertyTaxesPerYearRupeesButton()[pri:23, instance:TestCases.LoanTenureCalculatorUICheck@26794848]" started-at="2024-02-15T19:02:12 IST" name="validatePropertyTaxesPerYearRupeesButton" finished-at="2024-02-15T19:02:15 IST" depends-on-methods="TestCases.HomeLoanEMI.homeLoanEmiCalculatorValidation, TestCases.HomeLoanEMI.calculatorsDropDownValidation" duration-ms="3491" status="PASS">
          <reporter-output>
          </reporter-output>
        </test-method> <!-- validatePropertyTaxesPerYearRupeesButton -->
        <test-method signature="validateHomeInsurancePerYearInputField(java.lang.String,java.lang.String,java.lang.String,java.lang.String,java.lang.String,java.lang.String,java.lang.String,java.lang.String,java.lang.String,java.lang.String,java.lang.String)[pri:24, instance:TestCases.LoanTenureCalculatorUICheck@26794848]" started-at="2024-02-15T19:02:16 IST" name="validateHomeInsurancePerYearInputField" data-provider="homeLoanDetailsData" finished-at="2024-02-15T19:02:17 IST" depends-on-methods="TestCases.HomeLoanEMI.homeLoanEmiCalculatorValidation, TestCases.HomeLoanEMI.calculatorsDropDownValidation" duration-ms="340" status="PASS">
          <params>
            <param index="0">
              <value>
                <![CDATA[2,00,00,000]]>
              </value>
            </param>
            <param index="1">
              <value>
                <![CDATA[25.0]]>
              </value>
            </param>
            <param index="2">
              <value>
                <![CDATA[10,00,000]]>
              </value>
            </param>
            <param index="3">
              <value>
                <![CDATA[12.0]]>
              </value>
            </param>
            <param index="4">
              <value>
                <![CDATA[10.0]]>
              </value>
            </param>
            <param index="5">
              <value>
                <![CDATA[0.3]]>
              </value>
            </param>
            <param index="6">
              <value>
                <![CDATA[01-Feb-2029]]>
              </value>
            </param>
            <param index="7">
              <value>
                <![CDATA[5.0]]>
              </value>
            </param>
            <param index="8">
              <value>
                <![CDATA[0.3]]>
              </value>
            </param>
            <param index="9">
              <value>
                <![CDATA[0.1]]>
              </value>
            </param>
            <param index="10">
              <value>
                <![CDATA[3000.0]]>
              </value>
            </param>
          </params>
          <reporter-output>
          </reporter-output>
        </test-method> <!-- validateHomeInsurancePerYearInputField -->
        <test-method signature="validateHomeInsurancePerYearRupeesButton()[pri:25, instance:TestCases.LoanTenureCalculatorUICheck@26794848]" started-at="2024-02-15T19:02:17 IST" name="validateHomeInsurancePerYearRupeesButton" finished-at="2024-02-15T19:02:20 IST" depends-on-methods="TestCases.HomeLoanEMI.homeLoanEmiCalculatorValidation, TestCases.HomeLoanEMI.calculatorsDropDownValidation" duration-ms="3439" status="PASS">
          <reporter-output>
          </reporter-output>
        </test-method> <!-- validateHomeInsurancePerYearRupeesButton -->
        <test-method signature="validateMaintenanceExpensesPerMonthInputField(java.lang.String,java.lang.String,java.lang.String,java.lang.String,java.lang.String,java.lang.String,java.lang.String,java.lang.String,java.lang.String,java.lang.String,java.lang.String)[pri:26, instance:TestCases.LoanTenureCalculatorUICheck@26794848]" started-at="2024-02-15T19:02:21 IST" name="validateMaintenanceExpensesPerMonthInputField" data-provider="homeLoanDetailsData" finished-at="2024-02-15T19:02:22 IST" depends-on-methods="TestCases.HomeLoanEMI.homeLoanEmiCalculatorValidation, TestCases.HomeLoanEMI.calculatorsDropDownValidation" duration-ms="392" status="PASS">
          <params>
            <param index="0">
              <value>
                <![CDATA[2,00,00,000]]>
              </value>
            </param>
            <param index="1">
              <value>
                <![CDATA[25.0]]>
              </value>
            </param>
            <param index="2">
              <value>
                <![CDATA[10,00,000]]>
              </value>
            </param>
            <param index="3">
              <value>
                <![CDATA[12.0]]>
              </value>
            </param>
            <param index="4">
              <value>
                <![CDATA[10.0]]>
              </value>
            </param>
            <param index="5">
              <value>
                <![CDATA[0.3]]>
              </value>
            </param>
            <param index="6">
              <value>
                <![CDATA[01-Feb-2029]]>
              </value>
            </param>
            <param index="7">
              <value>
                <![CDATA[5.0]]>
              </value>
            </param>
            <param index="8">
              <value>
                <![CDATA[0.3]]>
              </value>
            </param>
            <param index="9">
              <value>
                <![CDATA[0.1]]>
              </value>
            </param>
            <param index="10">
              <value>
                <![CDATA[3000.0]]>
              </value>
            </param>
          </params>
          <reporter-output>
          </reporter-output>
        </test-method> <!-- validateMaintenanceExpensesPerMonthInputField -->
        <test-method signature="printAllTheData()[pri:27, instance:TestCases.LoanTenureCalculatorUICheck@26794848]" started-at="2024-02-15T19:02:22 IST" name="printAllTheData" finished-at="2024-02-15T19:02:41 IST" depends-on-methods="TestCases.HomeLoanEMI.homeLoanEmiCalculatorValidation, TestCases.HomeLoanEMI.calculatorsDropDownValidation" duration-ms="18715" status="PASS">
          <reporter-output>
          </reporter-output>
        </test-method> <!-- printAllTheData -->
        <test-method signature="calculatorsDropDownValidationFromHomeLoan()[pri:28, instance:TestCases.LoanTenureCalculatorUICheck@26794848]" started-at="2024-02-15T19:02:41 IST" name="calculatorsDropDownValidationFromHomeLoan" finished-at="2024-02-15T19:02:41 IST" duration-ms="322" status="PASS">
          <reporter-output>
          </reporter-output>
        </test-method> <!-- calculatorsDropDownValidationFromHomeLoan -->
        <test-method signature="emiCalculatorPageValidation()[pri:29, instance:TestCases.LoanTenureCalculatorUICheck@26794848]" started-at="2024-02-15T19:02:42 IST" name="emiCalculatorPageValidation" finished-at="2024-02-15T19:02:48 IST" depends-on-methods="TestCases.EMICalculator.calculatorsDropDownValidationFromHomeLoan" duration-ms="6389" status="PASS">
          <reporter-output>
          </reporter-output>
        </test-method> <!-- emiCalculatorPageValidation -->
        <test-method signature="validateEmiCalculatorLink()[pri:30, instance:TestCases.LoanTenureCalculatorUICheck@26794848]" started-at="2024-02-15T19:02:49 IST" name="validateEmiCalculatorLink" finished-at="2024-02-15T19:02:49 IST" depends-on-methods="TestCases.EMICalculator.emiCalculatorPageValidation" duration-ms="128" status="PASS">
          <reporter-output>
          </reporter-output>
        </test-method> <!-- validateEmiCalculatorLink -->
        <test-method signature="verifyEmiCalculatorLoanAmountInputFieldPresence()[pri:31, instance:TestCases.LoanTenureCalculatorUICheck@26794848]" started-at="2024-02-15T19:02:49 IST" name="verifyEmiCalculatorLoanAmountInputFieldPresence" finished-at="2024-02-15T19:02:49 IST" depends-on-methods="TestCases.CalculateEmiUICheck.validateEmiCalculatorLink" duration-ms="87" status="PASS">
          <reporter-output>
          </reporter-output>
        </test-method> <!-- verifyEmiCalculatorLoanAmountInputFieldPresence -->
        <test-method signature="validateEmiCalculatorLoanAmountInputFieldByPassingValue(java.lang.String,java.lang.String,java.lang.String,java.lang.String)[pri:32, instance:TestCases.LoanTenureCalculatorUICheck@26794848]" started-at="2024-02-15T19:02:50 IST" name="validateEmiCalculatorLoanAmountInputFieldByPassingValue" data-provider="EMICalculatorData" finished-at="2024-02-15T19:02:51 IST" depends-on-methods="TestCases.CalculateEmiUICheck.validateEmiCalculatorLink" duration-ms="900" status="PASS">
          <params>
            <param index="0">
              <value>
                <![CDATA[50,00,000]]>
              </value>
            </param>
            <param index="1">
              <value>
                <![CDATA[12.5]]>
              </value>
            </param>
            <param index="2">
              <value>
                <![CDATA[15.0]]>
              </value>
            </param>
            <param index="3">
              <value>
                <![CDATA[75000.0]]>
              </value>
            </param>
          </params>
          <reporter-output>
          </reporter-output>
        </test-method> <!-- validateEmiCalculatorLoanAmountInputFieldByPassingValue -->
        <test-method signature="verifyEmiCalculatorInterestRateInputFieldPresence()[pri:33, instance:TestCases.LoanTenureCalculatorUICheck@26794848]" started-at="2024-02-15T19:02:51 IST" name="verifyEmiCalculatorInterestRateInputFieldPresence" finished-at="2024-02-15T19:02:51 IST" depends-on-methods="TestCases.CalculateEmiUICheck.validateEmiCalculatorLink" duration-ms="93" status="PASS">
          <reporter-output>
          </reporter-output>
        </test-method> <!-- verifyEmiCalculatorInterestRateInputFieldPresence -->
        <test-method signature="validateEmiCalculatorInterestRateInputFieldByPassingValue(java.lang.String,java.lang.String,java.lang.String,java.lang.String)[pri:34, instance:TestCases.LoanTenureCalculatorUICheck@26794848]" started-at="2024-02-15T19:02:52 IST" name="validateEmiCalculatorInterestRateInputFieldByPassingValue" data-provider="EMICalculatorData" finished-at="2024-02-15T19:02:53 IST" depends-on-methods="TestCases.CalculateEmiUICheck.validateEmiCalculatorLink" duration-ms="903" status="PASS">
          <params>
            <param index="0">
              <value>
                <![CDATA[50,00,000]]>
              </value>
            </param>
            <param index="1">
              <value>
                <![CDATA[12.5]]>
              </value>
            </param>
            <param index="2">
              <value>
                <![CDATA[15.0]]>
              </value>
            </param>
            <param index="3">
              <value>
                <![CDATA[75000.0]]>
              </value>
            </param>
          </params>
          <reporter-output>
          </reporter-output>
        </test-method> <!-- validateEmiCalculatorInterestRateInputFieldByPassingValue -->
        <test-method signature="verifyEmiCalculatorLoanTenureInputFieldPresence()[pri:35, instance:TestCases.LoanTenureCalculatorUICheck@26794848]" started-at="2024-02-15T19:02:53 IST" name="verifyEmiCalculatorLoanTenureInputFieldPresence" finished-at="2024-02-15T19:02:53 IST" depends-on-methods="TestCases.CalculateEmiUICheck.validateEmiCalculatorLink" duration-ms="112" status="PASS">
          <reporter-output>
          </reporter-output>
        </test-method> <!-- verifyEmiCalculatorLoanTenureInputFieldPresence -->
        <test-method signature="validateEmiCalculatorLoanTenureInputFieldByPassingValue(java.lang.String,java.lang.String,java.lang.String,java.lang.String)[pri:36, instance:TestCases.LoanTenureCalculatorUICheck@26794848]" started-at="2024-02-15T19:02:54 IST" name="validateEmiCalculatorLoanTenureInputFieldByPassingValue" data-provider="EMICalculatorData" finished-at="2024-02-15T19:02:55 IST" depends-on-methods="TestCases.CalculateEmiUICheck.validateEmiCalculatorLink" duration-ms="1026" status="PASS">
          <params>
            <param index="0">
              <value>
                <![CDATA[50,00,000]]>
              </value>
            </param>
            <param index="1">
              <value>
                <![CDATA[12.5]]>
              </value>
            </param>
            <param index="2">
              <value>
                <![CDATA[15.0]]>
              </value>
            </param>
            <param index="3">
              <value>
                <![CDATA[75000.0]]>
              </value>
            </param>
          </params>
          <reporter-output>
          </reporter-output>
        </test-method> <!-- validateEmiCalculatorLoanTenureInputFieldByPassingValue -->
        <test-method signature="validateEmiCalculatorLoanTenureMonthButton()[pri:37, instance:TestCases.LoanTenureCalculatorUICheck@26794848]" started-at="2024-02-15T19:02:55 IST" name="validateEmiCalculatorLoanTenureMonthButton" finished-at="2024-02-15T19:02:59 IST" depends-on-methods="TestCases.CalculateEmiUICheck.validateEmiCalculatorLink" duration-ms="3846" status="PASS">
          <reporter-output>
          </reporter-output>
        </test-method> <!-- validateEmiCalculatorLoanTenureMonthButton -->
        <test-method signature="verifyEmiCalculatorLoanChargesInputFieldPresence()[pri:38, instance:TestCases.LoanTenureCalculatorUICheck@26794848]" started-at="2024-02-15T19:02:59 IST" name="verifyEmiCalculatorLoanChargesInputFieldPresence" finished-at="2024-02-15T19:03:00 IST" depends-on-methods="TestCases.CalculateEmiUICheck.validateEmiCalculatorLink" duration-ms="92" status="PASS">
          <reporter-output>
          </reporter-output>
        </test-method> <!-- verifyEmiCalculatorLoanChargesInputFieldPresence -->
        <test-method signature="validateEmiCalculatorLoanChargesInputFieldByPassingValue(java.lang.String,java.lang.String,java.lang.String,java.lang.String)[pri:39, instance:TestCases.LoanTenureCalculatorUICheck@26794848]" started-at="2024-02-15T19:03:00 IST" name="validateEmiCalculatorLoanChargesInputFieldByPassingValue" data-provider="EMICalculatorData" finished-at="2024-02-15T19:03:01 IST" depends-on-methods="TestCases.CalculateEmiUICheck.validateEmiCalculatorLink" duration-ms="1094" status="PASS">
          <params>
            <param index="0">
              <value>
                <![CDATA[50,00,000]]>
              </value>
            </param>
            <param index="1">
              <value>
                <![CDATA[12.5]]>
              </value>
            </param>
            <param index="2">
              <value>
                <![CDATA[15.0]]>
              </value>
            </param>
            <param index="3">
              <value>
                <![CDATA[75000.0]]>
              </value>
            </param>
          </params>
          <reporter-output>
          </reporter-output>
        </test-method> <!-- validateEmiCalculatorLoanChargesInputFieldByPassingValue -->
        <test-method signature="validateLoanAmountCalculatorLink()[pri:40, instance:TestCases.LoanTenureCalculatorUICheck@26794848]" started-at="2024-02-15T19:03:02 IST" name="validateLoanAmountCalculatorLink" finished-at="2024-02-15T19:03:02 IST" duration-ms="687" status="PASS">
          <reporter-output>
          </reporter-output>
        </test-method> <!-- validateLoanAmountCalculatorLink -->
        <test-method signature="verifyEmiInputFieldPresence()[pri:41, instance:TestCases.LoanTenureCalculatorUICheck@26794848]" started-at="2024-02-15T19:03:03 IST" name="verifyEmiInputFieldPresence" finished-at="2024-02-15T19:03:03 IST" depends-on-methods="TestCases.LoanAmountCalculatorUICheck.validateLoanAmountCalculatorLink" duration-ms="164" status="PASS">
          <reporter-output>
          </reporter-output>
        </test-method> <!-- verifyEmiInputFieldPresence -->
        <test-method signature="verifyEmiInputFieldByPassingValue(java.lang.String,java.lang.String,java.lang.String,java.lang.String)[pri:42, instance:TestCases.LoanTenureCalculatorUICheck@26794848]" started-at="2024-02-15T19:03:04 IST" name="verifyEmiInputFieldByPassingValue" data-provider="loanAmountCalculatorData" finished-at="2024-02-15T19:03:04 IST" depends-on-methods="TestCases.LoanAmountCalculatorUICheck.validateLoanAmountCalculatorLink" duration-ms="902" status="PASS">
          <params>
            <param index="0">
              <value>
                <![CDATA[25000.0]]>
              </value>
            </param>
            <param index="1">
              <value>
                <![CDATA[15.0]]>
              </value>
            </param>
            <param index="2">
              <value>
                <![CDATA[120.0]]>
              </value>
            </param>
            <param index="3">
              <value>
                <![CDATA[50000.0]]>
              </value>
            </param>
          </params>
          <reporter-output>
          </reporter-output>
        </test-method> <!-- verifyEmiInputFieldByPassingValue -->
        <test-method signature="verifyLoanAmountInterestRateInputFieldPresence()[pri:43, instance:TestCases.LoanTenureCalculatorUICheck@26794848]" started-at="2024-02-15T19:03:05 IST" name="verifyLoanAmountInterestRateInputFieldPresence" finished-at="2024-02-15T19:03:05 IST" depends-on-methods="TestCases.LoanAmountCalculatorUICheck.validateLoanAmountCalculatorLink" duration-ms="129" status="PASS">
          <reporter-output>
          </reporter-output>
        </test-method> <!-- verifyLoanAmountInterestRateInputFieldPresence -->
        <test-method signature="validateLoanAmountInterestRateInputFieldByPassingValue(java.lang.String,java.lang.String,java.lang.String,java.lang.String)[pri:44, instance:TestCases.LoanTenureCalculatorUICheck@26794848]" started-at="2024-02-15T19:03:06 IST" name="validateLoanAmountInterestRateInputFieldByPassingValue" data-provider="loanAmountCalculatorData" finished-at="2024-02-15T19:03:07 IST" depends-on-methods="TestCases.LoanAmountCalculatorUICheck.validateLoanAmountCalculatorLink" duration-ms="1194" status="PASS">
          <params>
            <param index="0">
              <value>
                <![CDATA[25000.0]]>
              </value>
            </param>
            <param index="1">
              <value>
                <![CDATA[15.0]]>
              </value>
            </param>
            <param index="2">
              <value>
                <![CDATA[120.0]]>
              </value>
            </param>
            <param index="3">
              <value>
                <![CDATA[50000.0]]>
              </value>
            </param>
          </params>
          <reporter-output>
          </reporter-output>
        </test-method> <!-- validateLoanAmountInterestRateInputFieldByPassingValue -->
        <test-method signature="verifyLoanAmountTenureInputFieldPresence()[pri:45, instance:TestCases.LoanTenureCalculatorUICheck@26794848]" started-at="2024-02-15T19:03:07 IST" name="verifyLoanAmountTenureInputFieldPresence" finished-at="2024-02-15T19:03:07 IST" depends-on-methods="TestCases.LoanAmountCalculatorUICheck.validateLoanAmountCalculatorLink" duration-ms="92" status="PASS">
          <reporter-output>
          </reporter-output>
        </test-method> <!-- verifyLoanAmountTenureInputFieldPresence -->
        <test-method signature="validateLoanAmountTenureInputFieldByPassingValue(java.lang.String,java.lang.String,java.lang.String,java.lang.String)[pri:46, instance:TestCases.LoanTenureCalculatorUICheck@26794848]" started-at="2024-02-15T19:03:08 IST" name="validateLoanAmountTenureInputFieldByPassingValue" data-provider="loanAmountCalculatorData" finished-at="2024-02-15T19:03:09 IST" depends-on-methods="TestCases.LoanAmountCalculatorUICheck.validateLoanAmountCalculatorLink" duration-ms="896" status="PASS">
          <params>
            <param index="0">
              <value>
                <![CDATA[25000.0]]>
              </value>
            </param>
            <param index="1">
              <value>
                <![CDATA[15.0]]>
              </value>
            </param>
            <param index="2">
              <value>
                <![CDATA[120.0]]>
              </value>
            </param>
            <param index="3">
              <value>
                <![CDATA[50000.0]]>
              </value>
            </param>
          </params>
          <reporter-output>
          </reporter-output>
        </test-method> <!-- validateLoanAmountTenureInputFieldByPassingValue -->
        <test-method signature="validateLoanAmountLoanTenureMonthButton()[pri:47, instance:TestCases.LoanTenureCalculatorUICheck@26794848]" started-at="2024-02-15T19:03:09 IST" name="validateLoanAmountLoanTenureMonthButton" finished-at="2024-02-15T19:03:13 IST" depends-on-methods="TestCases.LoanAmountCalculatorUICheck.validateLoanAmountCalculatorLink" duration-ms="3820" status="PASS">
          <reporter-output>
          </reporter-output>
        </test-method> <!-- validateLoanAmountLoanTenureMonthButton -->
        <test-method signature="verifyLoanAmountLoanChargesInputFieldPresence()[pri:48, instance:TestCases.LoanTenureCalculatorUICheck@26794848]" started-at="2024-02-15T19:03:13 IST" name="verifyLoanAmountLoanChargesInputFieldPresence" finished-at="2024-02-15T19:03:13 IST" depends-on-methods="TestCases.LoanAmountCalculatorUICheck.validateLoanAmountCalculatorLink" duration-ms="72" status="PASS">
          <reporter-output>
          </reporter-output>
        </test-method> <!-- verifyLoanAmountLoanChargesInputFieldPresence -->
        <test-method signature="validateLoanAmountLoanChargesInputFieldByPassingValue(java.lang.String,java.lang.String,java.lang.String,java.lang.String)[pri:49, instance:TestCases.LoanTenureCalculatorUICheck@26794848]" started-at="2024-02-15T19:03:14 IST" name="validateLoanAmountLoanChargesInputFieldByPassingValue" data-provider="loanAmountCalculatorData" finished-at="2024-02-15T19:03:15 IST" depends-on-methods="TestCases.LoanAmountCalculatorUICheck.validateLoanAmountCalculatorLink" duration-ms="948" status="PASS">
          <params>
            <param index="0">
              <value>
                <![CDATA[25000.0]]>
              </value>
            </param>
            <param index="1">
              <value>
                <![CDATA[15.0]]>
              </value>
            </param>
            <param index="2">
              <value>
                <![CDATA[120.0]]>
              </value>
            </param>
            <param index="3">
              <value>
                <![CDATA[50000.0]]>
              </value>
            </param>
          </params>
          <reporter-output>
          </reporter-output>
        </test-method> <!-- validateLoanAmountLoanChargesInputFieldByPassingValue -->
        <test-method signature="validateLoanTenureCalculatorLink()[pri:50, instance:TestCases.LoanTenureCalculatorUICheck@26794848]" started-at="2024-02-15T19:03:15 IST" name="validateLoanTenureCalculatorLink" finished-at="2024-02-15T19:03:16 IST" duration-ms="481" status="PASS">
          <reporter-output>
          </reporter-output>
        </test-method> <!-- validateLoanTenureCalculatorLink -->
        <test-method signature="verifyLoanTenureLoanAmountInputFieldPresence()[pri:51, instance:TestCases.LoanTenureCalculatorUICheck@26794848]" started-at="2024-02-15T19:03:16 IST" name="verifyLoanTenureLoanAmountInputFieldPresence" finished-at="2024-02-15T19:03:16 IST" depends-on-methods="TestCases.LoanTenureCalculatorUICheck.validateLoanTenureCalculatorLink" duration-ms="91" status="PASS">
          <reporter-output>
          </reporter-output>
        </test-method> <!-- verifyLoanTenureLoanAmountInputFieldPresence -->
        <test-method signature="validateLoanTenureLoanAmountInputFieldByPassingValue(java.lang.String,java.lang.String,java.lang.String)[pri:52, instance:TestCases.LoanTenureCalculatorUICheck@26794848]" started-at="2024-02-15T19:03:17 IST" name="validateLoanTenureLoanAmountInputFieldByPassingValue" data-provider="loanTenureCalculatorData" finished-at="2024-02-15T19:03:18 IST" depends-on-methods="TestCases.LoanTenureCalculatorUICheck.validateLoanTenureCalculatorLink" duration-ms="1273" status="PASS">
          <params>
            <param index="0">
              <value>
                <![CDATA[75,00,000]]>
              </value>
            </param>
            <param index="1">
              <value>
                <![CDATA[10.0]]>
              </value>
            </param>
            <param index="2">
              <value>
                <![CDATA[50000.0]]>
              </value>
            </param>
          </params>
          <reporter-output>
          </reporter-output>
        </test-method> <!-- validateLoanTenureLoanAmountInputFieldByPassingValue -->
        <test-method signature="verifyLoanTenureEmiInputFieldPresence()[pri:53, instance:TestCases.LoanTenureCalculatorUICheck@26794848]" started-at="2024-02-15T19:03:18 IST" name="verifyLoanTenureEmiInputFieldPresence" finished-at="2024-02-15T19:03:18 IST" depends-on-methods="TestCases.LoanTenureCalculatorUICheck.validateLoanTenureCalculatorLink" duration-ms="87" status="PASS">
          <reporter-output>
          </reporter-output>
        </test-method> <!-- verifyLoanTenureEmiInputFieldPresence -->
        <test-method signature="verifyLoanTenureInterestRateInputFieldPresence()[pri:54, instance:TestCases.LoanTenureCalculatorUICheck@26794848]" started-at="2024-02-15T19:03:19 IST" name="verifyLoanTenureInterestRateInputFieldPresence" finished-at="2024-02-15T19:03:19 IST" depends-on-methods="TestCases.LoanTenureCalculatorUICheck.validateLoanTenureCalculatorLink" duration-ms="62" status="PASS">
          <reporter-output>
          </reporter-output>
        </test-method> <!-- verifyLoanTenureInterestRateInputFieldPresence -->
        <test-method signature="validateLoanTenureInterestRateInputFieldByPassingValue(java.lang.String,java.lang.String,java.lang.String)[pri:55, instance:TestCases.LoanTenureCalculatorUICheck@26794848]" started-at="2024-02-15T19:03:19 IST" name="validateLoanTenureInterestRateInputFieldByPassingValue" data-provider="loanTenureCalculatorData" finished-at="2024-02-15T19:03:20 IST" depends-on-methods="TestCases.LoanTenureCalculatorUICheck.validateLoanTenureCalculatorLink" duration-ms="905" status="PASS">
          <params>
            <param index="0">
              <value>
                <![CDATA[75,00,000]]>
              </value>
            </param>
            <param index="1">
              <value>
                <![CDATA[10.0]]>
              </value>
            </param>
            <param index="2">
              <value>
                <![CDATA[50000.0]]>
              </value>
            </param>
          </params>
          <reporter-output>
          </reporter-output>
        </test-method> <!-- validateLoanTenureInterestRateInputFieldByPassingValue -->
        <test-method signature="verifyLoanTenuteLoanChargesInputFieldPresence()[pri:56, instance:TestCases.LoanTenureCalculatorUICheck@26794848]" started-at="2024-02-15T19:03:20 IST" name="verifyLoanTenuteLoanChargesInputFieldPresence" finished-at="2024-02-15T19:03:21 IST" depends-on-methods="TestCases.LoanTenureCalculatorUICheck.validateLoanTenureCalculatorLink" duration-ms="74" status="PASS">
          <reporter-output>
          </reporter-output>
        </test-method> <!-- verifyLoanTenuteLoanChargesInputFieldPresence -->
        <test-method signature="validateLoanTenureLoanChargesInputFieldByValue(java.lang.String,java.lang.String,java.lang.String)[pri:57, instance:TestCases.LoanTenureCalculatorUICheck@26794848]" started-at="2024-02-15T19:03:21 IST" name="validateLoanTenureLoanChargesInputFieldByValue" data-provider="loanTenureCalculatorData" finished-at="2024-02-15T19:03:22 IST" depends-on-methods="TestCases.LoanTenureCalculatorUICheck.validateLoanTenureCalculatorLink" duration-ms="880" status="PASS">
          <params>
            <param index="0">
              <value>
                <![CDATA[75,00,000]]>
              </value>
            </param>
            <param index="1">
              <value>
                <![CDATA[10.0]]>
              </value>
            </param>
            <param index="2">
              <value>
                <![CDATA[50000.0]]>
              </value>
            </param>
          </params>
          <reporter-output>
          </reporter-output>
        </test-method> <!-- validateLoanTenureLoanChargesInputFieldByValue -->
        <test-method is-config="true" signature="tearDown()[pri:0, instance:TestCases.LoanTenureCalculatorUICheck@26794848]" started-at="2024-02-15T19:03:22 IST" name="tearDown" finished-at="2024-02-15T19:03:24 IST" duration-ms="1751" status="PASS">
          <reporter-output>
          </reporter-output>
        </test-method> <!-- tearDown -->
      </class> <!-- TestCases.LoanTenureCalculatorUICheck -->
    </test> <!-- Test -->
  </suite> <!-- Suite -->
</testng-results>
